2026-02-06T14:14:06: 
> sb-rebuild@0.1.0 start
> next start

2026-02-06T14:14:06: 2026-02-06T14:14:06: 
> sb-rebuild@0.1.0 start
> next start

2026-02-06T14:14:07: 2026-02-06T14:14:07: 
> sb-rebuild@0.1.0 start
> next start

2026-02-06T14:14:07: 2026-02-06T14:14:08: 
> sb-rebuild@0.1.0 start
> next start

2026-02-06T14:14:08: 2026-02-06T14:14:08: 2026-02-06T14:14:08: 
> sb-rebuild@0.1.0 start
> next start

2026-02-06T14:14:09: 2026-02-06T14:14:09: 
> sb-rebuild@0.1.0 start
> next start

2026-02-06T14:14:09: 2026-02-06T14:14:10: 
> sb-rebuild@0.1.0 start
> next start

2026-02-06T14:14:10: 2026-02-06T14:14:10: 
> sb-rebuild@0.1.0 start
> next start

2026-02-06T14:14:11: 2026-02-06T14:14:11: 
> sb-rebuild@0.1.0 start
> next start

2026-02-06T14:14:12: 2026-02-06T14:14:12: 
> sb-rebuild@0.1.0 start
> next start

2026-02-06T14:14:12: 